{"level":"error","message":"Configuration property \"jwtPrivateKey\" is not defined Configuration property \"jwtPrivateKey\" is not defined","stack":"Error: Configuration property \"jwtPrivateKey\" is not defined\n    at Config.get (C:\\Users\\mojoa\\Code\\IronWorkoutTracker\\root\\server\\node_modules\\config\\lib\\config.js:181:11)\n    at Object.<anonymous> (C:\\Users\\mojoa\\Code\\IronWorkoutTracker\\root\\server\\routes\\users.js:18:27)\n    at Module._compile (node:internal/modules/cjs/loader:1469:14)\n    at Module._extensions..js (node:internal/modules/cjs/loader:1548:10)\n    at Module.load (node:internal/modules/cjs/loader:1288:32)\n    at Module._load (node:internal/modules/cjs/loader:1104:12)\n    at Module.require (node:internal/modules/cjs/loader:1311:19)\n    at require (node:internal/modules/helpers:179:18)\n    at Object.<anonymous> (C:\\Users\\mojoa\\Code\\IronWorkoutTracker\\root\\server\\startup\\routes.js:4:15)\n    at Module._compile (node:internal/modules/cjs/loader:1469:14)"}
{"level":"info","message":"Listening on port 5000..."}
{"level":"info","message":"Connected to MongoDB"}
{"level":"info","message":"Listening on port 5000..."}
{"level":"info","message":"Connected to MongoDB"}
{"level":"info","message":"Listening on port 5000..."}
{"level":"info","message":"Connected to MongoDB"}
{"level":"error","message":"Not allowed by CORS Not allowed by CORS","stack":"Error: Not allowed by CORS\n    at origin (C:\\Users\\mojoa\\Code\\IronWorkoutTracker\\root\\server\\startup\\routes.js:25:24)\n    at C:\\Users\\mojoa\\Code\\IronWorkoutTracker\\root\\server\\node_modules\\cors\\lib\\index.js:219:13\n    at optionsCallback (C:\\Users\\mojoa\\Code\\IronWorkoutTracker\\root\\server\\node_modules\\cors\\lib\\index.js:199:9)\n    at corsMiddleware (C:\\Users\\mojoa\\Code\\IronWorkoutTracker\\root\\server\\node_modules\\cors\\lib\\index.js:204:7)\n    at Layer.handle [as handle_request] (C:\\Users\\mojoa\\Code\\IronWorkoutTracker\\root\\server\\node_modules\\express\\lib\\router\\layer.js:95:5)\n    at trim_prefix (C:\\Users\\mojoa\\Code\\IronWorkoutTracker\\root\\server\\node_modules\\express\\lib\\router\\index.js:328:13)\n    at C:\\Users\\mojoa\\Code\\IronWorkoutTracker\\root\\server\\node_modules\\express\\lib\\router\\index.js:286:9\n    at Function.process_params (C:\\Users\\mojoa\\Code\\IronWorkoutTracker\\root\\server\\node_modules\\express\\lib\\router\\index.js:346:12)\n    at next (C:\\Users\\mojoa\\Code\\IronWorkoutTracker\\root\\server\\node_modules\\express\\lib\\router\\index.js:280:10)\n    at jsonParser (C:\\Users\\mojoa\\Code\\IronWorkoutTracker\\root\\server\\node_modules\\body-parser\\lib\\types\\json.js:113:7)"}
{"level":"info","message":"Listening on port 5000..."}
{"level":"info","message":"Connected to MongoDB at mongodb://localhost/tracker"}
{"level":"info","message":"Listening on port 5000..."}
{"level":"info","message":"Connected to MongoDB at mongodb://localhost/tracker"}
{"level":"info","message":"Listening on port 5000..."}
{"level":"info","message":"Connected to MongoDB at mongodb://localhost/tracker"}
{"level":"info","message":"Listening on port 5000..."}
{"level":"info","message":"Connected to MongoDB at mongodb://localhost/tracker"}
{"level":"error","message":"Not allowed by CORS Not allowed by CORS","stack":"Error: Not allowed by CORS\n    at origin (C:\\Users\\mojoa\\Code\\IronWorkoutTracker\\root\\server\\startup\\routes.js:25:24)\n    at C:\\Users\\mojoa\\Code\\IronWorkoutTracker\\root\\server\\node_modules\\cors\\lib\\index.js:219:13\n    at optionsCallback (C:\\Users\\mojoa\\Code\\IronWorkoutTracker\\root\\server\\node_modules\\cors\\lib\\index.js:199:9)\n    at corsMiddleware (C:\\Users\\mojoa\\Code\\IronWorkoutTracker\\root\\server\\node_modules\\cors\\lib\\index.js:204:7)\n    at Layer.handle [as handle_request] (C:\\Users\\mojoa\\Code\\IronWorkoutTracker\\root\\server\\node_modules\\express\\lib\\router\\layer.js:95:5)\n    at trim_prefix (C:\\Users\\mojoa\\Code\\IronWorkoutTracker\\root\\server\\node_modules\\express\\lib\\router\\index.js:328:13)\n    at C:\\Users\\mojoa\\Code\\IronWorkoutTracker\\root\\server\\node_modules\\express\\lib\\router\\index.js:286:9\n    at Function.process_params (C:\\Users\\mojoa\\Code\\IronWorkoutTracker\\root\\server\\node_modules\\express\\lib\\router\\index.js:346:12)\n    at next (C:\\Users\\mojoa\\Code\\IronWorkoutTracker\\root\\server\\node_modules\\express\\lib\\router\\index.js:280:10)\n    at jsonParser (C:\\Users\\mojoa\\Code\\IronWorkoutTracker\\root\\server\\node_modules\\body-parser\\lib\\types\\json.js:113:7)"}
{"level":"error","message":"Not allowed by CORS Not allowed by CORS","stack":"Error: Not allowed by CORS\n    at origin (C:\\Users\\mojoa\\Code\\IronWorkoutTracker\\root\\server\\startup\\routes.js:25:24)\n    at C:\\Users\\mojoa\\Code\\IronWorkoutTracker\\root\\server\\node_modules\\cors\\lib\\index.js:219:13\n    at optionsCallback (C:\\Users\\mojoa\\Code\\IronWorkoutTracker\\root\\server\\node_modules\\cors\\lib\\index.js:199:9)\n    at corsMiddleware (C:\\Users\\mojoa\\Code\\IronWorkoutTracker\\root\\server\\node_modules\\cors\\lib\\index.js:204:7)\n    at Layer.handle [as handle_request] (C:\\Users\\mojoa\\Code\\IronWorkoutTracker\\root\\server\\node_modules\\express\\lib\\router\\layer.js:95:5)\n    at trim_prefix (C:\\Users\\mojoa\\Code\\IronWorkoutTracker\\root\\server\\node_modules\\express\\lib\\router\\index.js:328:13)\n    at C:\\Users\\mojoa\\Code\\IronWorkoutTracker\\root\\server\\node_modules\\express\\lib\\router\\index.js:286:9\n    at Function.process_params (C:\\Users\\mojoa\\Code\\IronWorkoutTracker\\root\\server\\node_modules\\express\\lib\\router\\index.js:346:12)\n    at next (C:\\Users\\mojoa\\Code\\IronWorkoutTracker\\root\\server\\node_modules\\express\\lib\\router\\index.js:280:10)\n    at jsonParser (C:\\Users\\mojoa\\Code\\IronWorkoutTracker\\root\\server\\node_modules\\body-parser\\lib\\types\\json.js:113:7)"}
{"level":"info","message":"Listening on port 5000..."}
{"level":"info","message":"Connected to MongoDB at mongodb://localhost/tracker"}
{"level":"info","message":"Listening on port 5000..."}
{"level":"info","message":"Connected to MongoDB at mongodb://localhost/tracker"}
{"level":"info","message":"Listening on port 5000..."}
{"level":"info","message":"Connected to MongoDB at mongodb://localhost/tracker"}
{"level":"info","message":"Listening on port 5000..."}
{"level":"info","message":"Connected to MongoDB at mongodb://localhost/tracker"}
{"level":"info","message":"Listening on port 5000..."}
{"level":"info","message":"Connected to MongoDB at mongodb://localhost/tracker"}
{"level":"info","message":"Listening on port 5000..."}
{"level":"info","message":"Connected to MongoDB at mongodb://localhost/tracker"}
{"level":"info","message":"Listening on port 5000..."}
{"level":"info","message":"Connected to MongoDB at mongodb://localhost/tracker"}
{"level":"info","message":"Listening on port 5000..."}
{"level":"info","message":"Connected to MongoDB at mongodb://localhost/tracker"}
{"level":"info","message":"Listening on port 5000..."}
{"level":"info","message":"Connected to MongoDB at mongodb://localhost/tracker"}
{"level":"info","message":"Listening on port 5000..."}
{"level":"info","message":"Connected to MongoDB at mongodb://localhost/tracker"}
{"level":"info","message":"Listening on port 5000..."}
{"level":"info","message":"Connected to MongoDB at mongodb://localhost/tracker"}
{"level":"info","message":"Listening on port 5000..."}
{"level":"info","message":"Connected to MongoDB at mongodb://localhost/tracker"}
{"level":"error","message":"Cannot populate path `sets` because it is not in your schema. Set the `strictPopulate` option to false to override. Cannot populate path `sets` because it is not in your schema. Set the `strictPopulate` option to false to override.","path":"sets","stack":"StrictPopulateError: Cannot populate path `sets` because it is not in your schema. Set the `strictPopulate` option to false to override.\n    at getModelsMapForPopulate (C:\\Users\\mojoa\\Code\\IronWorkoutTracker\\root\\server\\node_modules\\mongoose\\lib\\helpers\\populate\\getModelsMapForPopulate.js:50:12)\n    at populate (C:\\Users\\mojoa\\Code\\IronWorkoutTracker\\root\\server\\node_modules\\mongoose\\lib\\model.js:4316:21)\n    at _populate (C:\\Users\\mojoa\\Code\\IronWorkoutTracker\\root\\server\\node_modules\\mongoose\\lib\\model.js:4276:5)\n    at C:\\Users\\mojoa\\Code\\IronWorkoutTracker\\root\\server\\node_modules\\mongoose\\lib\\model.js:4248:5\n    at new Promise (<anonymous>)\n    at Function.populate (C:\\Users\\mojoa\\Code\\IronWorkoutTracker\\root\\server\\node_modules\\mongoose\\lib\\model.js:4247:10)\n    at model.Query._find (C:\\Users\\mojoa\\Code\\IronWorkoutTracker\\root\\server\\node_modules\\mongoose\\lib\\query.js:2384:20)\n    at process.processTicksAndRejections (node:internal/process/task_queues:105:5)\n    at async model.Query.exec (C:\\Users\\mojoa\\Code\\IronWorkoutTracker\\root\\server\\node_modules\\mongoose\\lib\\query.js:4449:63)\n    at async C:\\Users\\mojoa\\Code\\IronWorkoutTracker\\root\\server\\routes\\auth.js:43:22"}
{"level":"error","message":"Cannot populate path `sets` because it is not in your schema. Set the `strictPopulate` option to false to override. Cannot populate path `sets` because it is not in your schema. Set the `strictPopulate` option to false to override.","path":"sets","stack":"StrictPopulateError: Cannot populate path `sets` because it is not in your schema. Set the `strictPopulate` option to false to override.\n    at getModelsMapForPopulate (C:\\Users\\mojoa\\Code\\IronWorkoutTracker\\root\\server\\node_modules\\mongoose\\lib\\helpers\\populate\\getModelsMapForPopulate.js:50:12)\n    at populate (C:\\Users\\mojoa\\Code\\IronWorkoutTracker\\root\\server\\node_modules\\mongoose\\lib\\model.js:4316:21)\n    at _populate (C:\\Users\\mojoa\\Code\\IronWorkoutTracker\\root\\server\\node_modules\\mongoose\\lib\\model.js:4276:5)\n    at C:\\Users\\mojoa\\Code\\IronWorkoutTracker\\root\\server\\node_modules\\mongoose\\lib\\model.js:4248:5\n    at new Promise (<anonymous>)\n    at Function.populate (C:\\Users\\mojoa\\Code\\IronWorkoutTracker\\root\\server\\node_modules\\mongoose\\lib\\model.js:4247:10)\n    at model.Query._find (C:\\Users\\mojoa\\Code\\IronWorkoutTracker\\root\\server\\node_modules\\mongoose\\lib\\query.js:2384:20)\n    at process.processTicksAndRejections (node:internal/process/task_queues:105:5)\n    at async model.Query.exec (C:\\Users\\mojoa\\Code\\IronWorkoutTracker\\root\\server\\node_modules\\mongoose\\lib\\query.js:4449:63)\n    at async C:\\Users\\mojoa\\Code\\IronWorkoutTracker\\root\\server\\routes\\auth.js:43:22"}
{"level":"error","message":"Cannot populate path `sets` because it is not in your schema. Set the `strictPopulate` option to false to override. Cannot populate path `sets` because it is not in your schema. Set the `strictPopulate` option to false to override.","path":"sets","stack":"StrictPopulateError: Cannot populate path `sets` because it is not in your schema. Set the `strictPopulate` option to false to override.\n    at getModelsMapForPopulate (C:\\Users\\mojoa\\Code\\IronWorkoutTracker\\root\\server\\node_modules\\mongoose\\lib\\helpers\\populate\\getModelsMapForPopulate.js:50:12)\n    at populate (C:\\Users\\mojoa\\Code\\IronWorkoutTracker\\root\\server\\node_modules\\mongoose\\lib\\model.js:4316:21)\n    at _populate (C:\\Users\\mojoa\\Code\\IronWorkoutTracker\\root\\server\\node_modules\\mongoose\\lib\\model.js:4276:5)\n    at C:\\Users\\mojoa\\Code\\IronWorkoutTracker\\root\\server\\node_modules\\mongoose\\lib\\model.js:4248:5\n    at new Promise (<anonymous>)\n    at Function.populate (C:\\Users\\mojoa\\Code\\IronWorkoutTracker\\root\\server\\node_modules\\mongoose\\lib\\model.js:4247:10)\n    at model.Query._find (C:\\Users\\mojoa\\Code\\IronWorkoutTracker\\root\\server\\node_modules\\mongoose\\lib\\query.js:2384:20)\n    at process.processTicksAndRejections (node:internal/process/task_queues:105:5)\n    at async model.Query.exec (C:\\Users\\mojoa\\Code\\IronWorkoutTracker\\root\\server\\node_modules\\mongoose\\lib\\query.js:4449:63)\n    at async C:\\Users\\mojoa\\Code\\IronWorkoutTracker\\root\\server\\routes\\auth.js:43:22"}
{"level":"info","message":"Listening on port 5000..."}
{"level":"info","message":"Connected to MongoDB at mongodb://localhost/tracker"}
{"level":"info","message":"Listening on port 5000..."}
{"level":"info","message":"Connected to MongoDB at mongodb://localhost/tracker"}
{"level":"error","message":"Cannot populate path `sets` because it is not in your schema. Set the `strictPopulate` option to false to override. Cannot populate path `sets` because it is not in your schema. Set the `strictPopulate` option to false to override.","path":"sets","stack":"StrictPopulateError: Cannot populate path `sets` because it is not in your schema. Set the `strictPopulate` option to false to override.\n    at getModelsMapForPopulate (C:\\Users\\mojoa\\Code\\IronWorkoutTracker\\root\\server\\node_modules\\mongoose\\lib\\helpers\\populate\\getModelsMapForPopulate.js:50:12)\n    at populate (C:\\Users\\mojoa\\Code\\IronWorkoutTracker\\root\\server\\node_modules\\mongoose\\lib\\model.js:4316:21)\n    at _populate (C:\\Users\\mojoa\\Code\\IronWorkoutTracker\\root\\server\\node_modules\\mongoose\\lib\\model.js:4276:5)\n    at C:\\Users\\mojoa\\Code\\IronWorkoutTracker\\root\\server\\node_modules\\mongoose\\lib\\model.js:4248:5\n    at new Promise (<anonymous>)\n    at Function.populate (C:\\Users\\mojoa\\Code\\IronWorkoutTracker\\root\\server\\node_modules\\mongoose\\lib\\model.js:4247:10)\n    at model.Query._find (C:\\Users\\mojoa\\Code\\IronWorkoutTracker\\root\\server\\node_modules\\mongoose\\lib\\query.js:2384:20)\n    at process.processTicksAndRejections (node:internal/process/task_queues:105:5)\n    at async model.Query.exec (C:\\Users\\mojoa\\Code\\IronWorkoutTracker\\root\\server\\node_modules\\mongoose\\lib\\query.js:4449:63)\n    at async C:\\Users\\mojoa\\Code\\IronWorkoutTracker\\root\\server\\routes\\auth.js:44:29"}
{"level":"info","message":"Listening on port 5000..."}
{"level":"info","message":"Connected to MongoDB at mongodb://localhost/tracker"}
{"level":"info","message":"Listening on port 5000..."}
{"level":"info","message":"Connected to MongoDB at mongodb://localhost/tracker"}
{"level":"info","message":"Listening on port 5000..."}
{"level":"info","message":"Connected to MongoDB at mongodb://localhost/tracker"}
{"level":"info","message":"Listening on port 5000..."}
{"level":"info","message":"Connected to MongoDB at mongodb://localhost/tracker"}
{"level":"info","message":"Listening on port 5000..."}
{"level":"info","message":"Connected to MongoDB at mongodb://localhost/tracker"}
{"level":"info","message":"Listening on port 5000..."}
{"level":"info","message":"Connected to MongoDB at mongodb://localhost/tracker"}
